<?xml version="1.0" encoding="utf-8"?><testsuites name="pytest tests"><testsuite name="pytest" errors="0" failures="0" skipped="0" tests="28" time="9.724" timestamp="2026-05-20T19:33:48.898732+00:00" hostname="agent-env-aeecbd55-3583-4ee6-a591-da042034fb75"><testcase classname="backend.tests.backend_test.TestAuth" name="test_login_success_sets_cookies" time="0.514" /><testcase classname="backend.tests.backend_test.TestAuth" name="test_login_invalid_credentials" time="0.191" /><testcase classname="backend.tests.backend_test.TestAuth" name="test_me_with_token" time="0.521" /><testcase classname="backend.tests.backend_test.TestAuth" name="test_me_without_token" time="0.124" /><testcase classname="backend.tests.backend_test.TestAuth" name="test_logout" time="0.408" /><testcase classname="backend.tests.backend_test.TestDashboard" name="test_dashboard_stats" time="0.080" /><testcase classname="backend.tests.backend_test.TestDevices" name="test_list_seeded" time="0.069" /><testcase classname="backend.tests.backend_test.TestDevices" name="test_create_update_delete_flow" time="0.492" /><testcase classname="backend.tests.backend_test.TestSessions" name="test_session_lifecycle" time="0.417" /><testcase classname="backend.tests.backend_test.TestSessions" name="test_session_requires_online_device" time="0.206" /><testcase classname="backend.tests.backend_test.TestUsers" name="test_admin_user_crud_and_rbac" time="0.923" /><testcase classname="backend.tests.backend_test.TestAuditLogs" name="test_list_and_filter" time="0.154" /><testcase classname="backend.tests.backend_test.TestAccessTokens" name="test_create_list_revoke" time="0.281" /><testcase classname="backend.tests.backend_test.TestAddressBook" name="test_crud" time="0.280" /><testcase classname="backend.tests.backend_test.TestServerConfig" name="test_get_and_patch" time="0.157" /><testcase classname="backend.tests.backend_test.TestAgentEndpoints" name="test_register_invalid_token" time="0.128" /><testcase classname="backend.tests.backend_test.TestAgentEndpoints" name="test_register_revoked_token" time="0.325" /><testcase classname="backend.tests.backend_test.TestAgentEndpoints" name="test_register_success_and_full_flow" time="1.283" /><testcase classname="backend.tests.backend_test.TestAgentEndpoints" name="test_agent_script_download" time="0.129" /><testcase classname="backend.tests.backend_test.TestAgentEndpoints" name="test_agent_client_download_filename" time="0.146" /><testcase classname="backend.tests.backend_test.TestAgentEndpoints" name="test_old_admin_email_rejected" time="0.126" /><testcase classname="backend.tests.backend_test.TestRemoteControlCommands" name="test_screenshot_returns_can_control_and_dims" time="0.435" /><testcase classname="backend.tests.backend_test.TestRemoteControlCommands" name="test_queue_command_404_when_session_missing" time="0.072" /><testcase classname="backend.tests.backend_test.TestRemoteControlCommands" name="test_queue_command_400_when_session_ended" time="0.412" /><testcase classname="backend.tests.backend_test.TestRemoteControlCommands" name="test_full_command_flow_poll_and_ack" time="1.362" /><testcase classname="backend.tests.backend_test.TestWindowsInstaller" name="test_installer_returns_powershell" time="0.116" /><testcase classname="backend.tests.backend_test.TestGuiClient" name="test_gui_client_download" time="0.121" /><testcase classname="backend.tests.backend_test.TestGuiClient" name="test_gui_installer_download" time="0.119" /></testsuite></testsuites>